ğŸš€ Starting training...
   Dataset: Podcast Thuan_training
   Checkpoint dir: /content/ckpts/Podcast Thuan_training
   Batch size: 7000

/content/venv/lib/python3.12/site-packages/jieba/_compat.py:18: UserWarning: pkg_resources is deprecated as an API. See https://setuptools.pypa.io/en/latest/pkg_resources.html. The pkg_resources package is slated for removal as early as 2025-11-30. Refrain from using this package or pin to Setuptools<81.
  import pkg_resources
copy checkpoint for finetune
Pretrained checkpoint Ä‘Æ°á»£c sá»­ dá»¥ng: /content/F5-TTS-Vietnamese/src/f5_tts/../../ckpts/Podcast Thuan_training/pretrained_model_1200000.pt
vocab :  2552
vocoder :  vocos
Using logger: None
Loading dataset ...
Traceback (most recent call last):
  File "/content/F5-TTS-Vietnamese/src/f5_tts/model/dataset.py", line 262, in load_dataset
    train_dataset = load_from_disk(f"{rel_data_path}/raw")
                    ^^^^^^^^^^^^^^^^^^^^^^^^^^^^^^^^^^^^^^
  File "/content/venv/lib/python3.12/site-packages/datasets/load.py", line 1471, in load_from_disk
    raise FileNotFoundError(f"Directory {dataset_path} not found")
FileNotFoundError: Directory /content/F5-TTS-Vietnamese/src/f5_tts/../../data/Podcast Thuan_training/raw not found

During handling of the above exception, another exception occurred:

Traceback (most recent call last):
  File "/content/F5-TTS-Vietnamese/src/f5_tts/train/finetune_cli.py", line 215, in <module>
    main()
  File "/content/F5-TTS-Vietnamese/src/f5_tts/train/finetune_cli.py", line 206, in main
    train_dataset = load_dataset(args.dataset_name, tokenizer, mel_spec_kwargs=mel_spec_kwargs)
                    ^^^^^^^^^^^^^^^^^^^^^^^^^^^^^^^^^^^^^^^^^^^^^^^^^^^^^^^^^^^^^^^^^^^^^^^^^^^
  File "/content/F5-TTS-Vietnamese/src/f5_tts/model/dataset.py", line 264, in load_dataset
    train_dataset = Dataset_.from_file(f"{rel_data_path}/raw.arrow")
                    ^^^^^^^^^^^^^^^^^^^^^^^^^^^^^^^^^^^^^^^^^^^^^^^^
  File "/content/venv/lib/python3.12/site-packages/datasets/arrow_dataset.py", line 813, in from_file
    table = ArrowReader.read_table(filename, in_memory=in_memory)
            ^^^^^^^^^^^^^^^^^^^^^^^^^^^^^^^^^^^^^^^^^^^^^^^^^^^^^
  File "/content/venv/lib/python3.12/site-packages/datasets/arrow_reader.py", line 329, in read_table
    return table_cls.from_file(filename)
           ^^^^^^^^^^^^^^^^^^^^^^^^^^^^^
  File "/content/venv/lib/python3.12/site-packages/datasets/table.py", line 1017, in from_file
    table = _memory_mapped_arrow_table_from_file(filename)
            ^^^^^^^^^^^^^^^^^^^^^^^^^^^^^^^^^^^^^^^^^^^^^^
  File "/content/venv/lib/python3.12/site-packages/datasets/table.py", line 63, in _memory_mapped_arrow_table_from_file
    opened_stream = _memory_mapped_record_batch_reader_from_file(filename)
                    ^^^^^^^^^^^^^^^^^^^^^^^^^^^^^^^^^^^^^^^^^^^^^^^^^^^^^^
  File "/content/venv/lib/python3.12/site-packages/datasets/table.py", line 48, in _memory_mapped_record_batch_reader_from_file
    memory_mapped_stream = pa.memory_map(filename)
                           ^^^^^^^^^^^^^^^^^^^^^^^
  File "pyarrow/io.pxi", line 1143, in pyarrow.lib.memory_map
  File "pyarrow/io.pxi", line 1090, in pyarrow.lib.MemoryMappedFile._open
  File "pyarrow/error.pxi", line 155, in pyarrow.lib.pyarrow_internal_check_status
  File "pyarrow/error.pxi", line 92, in pyarrow.lib.check_status
FileNotFoundError: [Errno 2] Failed to open local file '/content/F5-TTS-Vietnamese/src/f5_tts/../../data/Podcast Thuan_training/raw.arrow'. Detail: [errno 2] No such file or directory

âŒ Training failed for Podcast Thuan!

======================================================================
âœ… TRAINING COMPLETE!
======================================================================

ğŸ“Š Summary:
   Speakers trained: 1
   
ğŸ“ Models Location:
   Local: /content/models/
   Drive: /content/drive/MyDrive/F5TTS_Vietnamese/models/
   
ğŸ‘¥ Trained Speakers:

   âŒ Podcast Thuan - training may have failed

ğŸ“ Next Steps:
   â†’ Run Cell 10 to test inference
   â†’ Generate speech with trained voices!
   
âš ï¸  Important:
   - All models backed up to Google Drive
   - Checkpoints saved for resume if needed
   - Training logs in Drive/logs/

======================================================================
ğŸ‰ Ready for inference! Proceed to Cell 10!
======================================================================